<?xml version="1.0" encoding="UTF-8"?>
<coverage generated="1662291276332" clover="3.2.0">
  <project timestamp="1662291276332" name="All files">
    <metrics statements="4" coveredstatements="3" conditionals="0" coveredconditionals="0" methods="2" coveredmethods="1" elements="6" coveredelements="4" complexity="0" loc="4" ncloc="4" packages="1" files="2" classes="2"/>
    <file name="ActionButton.vue" path="C:\Users\User\Development\job-search\src\components\ActionButton.vue">
      <metrics statements="2" coveredstatements="1" conditionals="0" coveredconditionals="0" methods="1" coveredmethods="0"/>
      <line num="10" count="1" type="stmt"/>
      <line num="14" count="0" type="stmt"/>
    </file>
    <file name="ProfileImage.vue" path="C:\Users\User\Development\job-search\src\components\ProfileImage.vue">
      <metrics statements="2" coveredstatements="2" conditionals="0" coveredconditionals="0" methods="1" coveredmethods="1"/>
      <line num="10" count="1" type="stmt"/>
      <line num="13" count="1" type="stmt"/>
    </file>
  </project>
</coverage>
